<?xml version="1.0" encoding="UTF-8"?>
<!-- Generated by org.testng.reporters.JUnitReportReporter -->
<testsuite hostname="NTB-257" failures="0" tests="1" name="Academy.Desq.E2EwithoutDeletion02" time="7.970" errors="0" timestamp="2023-04-12T13:47:01 CEST" skipped="0">
  <testcase classname="Academy.Desq.E2EwithoutDeletion02" name="submitAndDoNotCancelReservation" time="7.970"/>
  <system-out/>
</testsuite> <!-- Academy.Desq.E2EwithoutDeletion02 -->
