<?xml version="1.0" encoding="UTF-8"?>
<!-- Generated by org.testng.reporters.JUnitReportReporter -->
<testsuite hostname="NTB-257" failures="0" tests="3" name="Academy.Desq.E2E07" time="33.174" errors="0" timestamp="2023-04-12T13:47:01 CEST" skipped="0">
  <testcase classname="Academy.Desq.E2E07" name="submitAndCancelReservation" time="8.912"/>
  <system-out/>
  <testcase classname="Academy.Desq.E2E07" name="submitAndCancelReservation" time="8.962"/>
  <system-out/>
  <testcase classname="Academy.Desq.E2E07" name="submitAndCancelReservation" time="15.300"/>
  <system-out/>
</testsuite> <!-- Academy.Desq.E2E07 -->
