<?xml version="1.0" encoding="UTF-8"?>
<!-- Generated by org.testng.reporters.JUnitReportReporter -->
<testsuite hostname="NTB-257" failures="0" tests="1" name="Academy.Desq.Preferences02" time="11.486" errors="0" timestamp="2023-04-12T15:17:03 CEST" skipped="0">
  <testcase classname="Academy.Desq.Preferences02" name="changePreferences" time="11.486"/>
  <system-out/>
</testsuite> <!-- Academy.Desq.Preferences02 -->
