<?xml version="1.0" encoding="UTF-8"?>
<!-- Generated by org.testng.reporters.JUnitReportReporter -->
<testsuite hostname="NTB-257" failures="0" tests="3" name="Academy.Desq.E2E06" time="27.729" errors="0" timestamp="2023-04-11T15:13:59 CEST" skipped="0">
  <testcase classname="Academy.Desq.E2E06" name="submitAndCancelReservation" time="8.446"/>
  <system-out/>
  <testcase classname="Academy.Desq.E2E06" name="submitAndCancelReservation" time="11.109"/>
  <system-out/>
  <testcase classname="Academy.Desq.E2E06" name="submitAndCancelReservation" time="8.174"/>
  <system-out/>
</testsuite> <!-- Academy.Desq.E2E06 -->
