<?xml version="1.0" encoding="UTF-8"?>
<!-- Generated by org.testng.reporters.JUnitReportReporter -->
<testsuite hostname="NTB-257" failures="0" tests="3" name="Academy.Desq.E2E04" time="27.100" errors="0" timestamp="2023-04-11T13:37:18 CEST" skipped="0">
  <testcase classname="Academy.Desq.E2E04" name="submitAndCancelReservation" time="7.930"/>
  <system-out/>
  <testcase classname="Academy.Desq.E2E04" name="submitAndCancelReservation" time="8.974"/>
  <system-out/>
  <testcase classname="Academy.Desq.E2E04" name="submitAndCancelReservation" time="10.196"/>
  <system-out/>
</testsuite> <!-- Academy.Desq.E2E04 -->
