<?xml version="1.0" encoding="UTF-8"?>
<!-- Generated by org.testng.reporters.JUnitReportReporter -->
<testsuite hostname="NTB-257" failures="0" tests="1" name="Academy.Desq.E2E03" time="10.649" errors="0" timestamp="2023-04-11T13:27:43 CEST" skipped="0">
  <testcase classname="Academy.Desq.E2E03" name="submitAndCancelReservation" time="10.649"/>
  <system-out/>
</testsuite> <!-- Academy.Desq.E2E03 -->
