<?xml version="1.0" encoding="UTF-8"?>
<!-- Generated by org.testng.reporters.JUnitReportReporter -->
<testsuite hostname="NTB-257" failures="0" tests="3" name="Academy.Desq.E2E05" time="26.643" errors="0" timestamp="2023-04-11T13:46:08 CEST" skipped="0">
  <testcase classname="Academy.Desq.E2E05" name="submitAndCancelReservation" time="10.955"/>
  <system-out/>
  <testcase classname="Academy.Desq.E2E05" name="submitAndCancelReservation" time="8.146"/>
  <system-out/>
  <testcase classname="Academy.Desq.E2E05" name="submitAndCancelReservation" time="7.542"/>
  <system-out/>
</testsuite> <!-- Academy.Desq.E2E05 -->
